2013-08-27 17:03:04,404 - Log4JLogChute initialized using file 'velocity_example.log'
2013-08-27 17:03:04,404 - Initializing Velocity, Calling init()...
2013-08-27 17:03:04,404 - Starting Apache Velocity v1.7 (compiled: 2010-11-19 12:14:37)
2013-08-27 17:03:04,404 - Default Properties File: org\apache\velocity\runtime\defaults\velocity.properties
2013-08-27 17:03:04,404 - Trying to use logger class org.apache.velocity.runtime.log.AvalonLogChute
2013-08-27 17:03:04,404 - Target log system for org.apache.velocity.runtime.log.AvalonLogChute is not available (java.lang.NoClassDefFoundError: org/apache/log/format/Formatter).  Falling back to next log system...
2013-08-27 17:03:04,405 - Trying to use logger class org.apache.velocity.runtime.log.Log4JLogChute
2013-08-27 17:03:04,405 - Using logger class org.apache.velocity.runtime.log.Log4JLogChute
2013-08-27 17:03:04,409 - ResourceLoader instantiated: org.apache.velocity.runtime.resource.loader.ClasspathResourceLoader
2013-08-27 17:03:04,424 - ResourceCache: initialized (class org.apache.velocity.runtime.resource.ResourceCacheImpl) with class java.util.Collections$SynchronizedMap cache map.
2013-08-27 17:03:04,426 - Loaded System Directive: org.apache.velocity.runtime.directive.Stop
2013-08-27 17:03:04,427 - Loaded System Directive: org.apache.velocity.runtime.directive.Define
2013-08-27 17:03:04,427 - Loaded System Directive: org.apache.velocity.runtime.directive.Break
2013-08-27 17:03:04,428 - Loaded System Directive: org.apache.velocity.runtime.directive.Evaluate
2013-08-27 17:03:04,429 - Loaded System Directive: org.apache.velocity.runtime.directive.Literal
2013-08-27 17:03:04,430 - Loaded System Directive: org.apache.velocity.runtime.directive.Macro
2013-08-27 17:03:04,432 - Loaded System Directive: org.apache.velocity.runtime.directive.Parse
2013-08-27 17:03:04,433 - Loaded System Directive: org.apache.velocity.runtime.directive.Include
2013-08-27 17:03:04,434 - Loaded System Directive: org.apache.velocity.runtime.directive.Foreach
2013-08-27 17:03:04,484 - Created '20' parsers.
2013-08-27 17:03:04,491 - Velocimacro : "velocimacro.library" is not set.  Trying default library: VM_global_library.vm
2013-08-27 17:03:04,492 - Could not load resource 'VM_global_library.vm' from ResourceLoader org.apache.velocity.runtime.resource.loader.ClasspathResourceLoader: ClasspathResourceLoader Error: cannot find resource VM_global_library.vm
2013-08-27 17:03:04,492 - Velocimacro : Default library not found.
2013-08-27 17:03:04,492 - Velocimacro : allowInline = true : VMs can be defined inline in templates
2013-08-27 17:03:04,492 - Velocimacro : allowInlineToOverride = false : VMs defined inline may NOT replace previous VM definitions
2013-08-27 17:03:04,492 - Velocimacro : allowInlineLocal = false : VMs defined inline will be global in scope if allowed.
2013-08-27 17:03:04,492 - Velocimacro : autoload off : VM system will not automatically reload global library macros
2013-08-27 17:03:04,495 - ResourceManager : unable to find resource './bin/config/example.vm' in any resource loader.
2013-08-27 17:04:43,624 - Log4JLogChute initialized using file 'velocity_example.log'
2013-08-27 17:04:43,624 - Initializing Velocity, Calling init()...
2013-08-27 17:04:43,624 - Starting Apache Velocity v1.7 (compiled: 2010-11-19 12:14:37)
2013-08-27 17:04:43,624 - Default Properties File: org\apache\velocity\runtime\defaults\velocity.properties
2013-08-27 17:04:43,625 - Trying to use logger class org.apache.velocity.runtime.log.AvalonLogChute
2013-08-27 17:04:43,625 - Target log system for org.apache.velocity.runtime.log.AvalonLogChute is not available (java.lang.NoClassDefFoundError: org/apache/log/format/Formatter).  Falling back to next log system...
2013-08-27 17:04:43,625 - Trying to use logger class org.apache.velocity.runtime.log.Log4JLogChute
2013-08-27 17:04:43,625 - Using logger class org.apache.velocity.runtime.log.Log4JLogChute
2013-08-27 17:04:43,629 - ResourceLoader instantiated: org.apache.velocity.runtime.resource.loader.ClasspathResourceLoader
2013-08-27 17:04:43,648 - ResourceCache: initialized (class org.apache.velocity.runtime.resource.ResourceCacheImpl) with class java.util.Collections$SynchronizedMap cache map.
2013-08-27 17:04:43,650 - Loaded System Directive: org.apache.velocity.runtime.directive.Stop
2013-08-27 17:04:43,651 - Loaded System Directive: org.apache.velocity.runtime.directive.Define
2013-08-27 17:04:43,651 - Loaded System Directive: org.apache.velocity.runtime.directive.Break
2013-08-27 17:04:43,652 - Loaded System Directive: org.apache.velocity.runtime.directive.Evaluate
2013-08-27 17:04:43,653 - Loaded System Directive: org.apache.velocity.runtime.directive.Literal
2013-08-27 17:04:43,654 - Loaded System Directive: org.apache.velocity.runtime.directive.Macro
2013-08-27 17:04:43,655 - Loaded System Directive: org.apache.velocity.runtime.directive.Parse
2013-08-27 17:04:43,657 - Loaded System Directive: org.apache.velocity.runtime.directive.Include
2013-08-27 17:04:43,658 - Loaded System Directive: org.apache.velocity.runtime.directive.Foreach
2013-08-27 17:04:43,698 - Created '20' parsers.
2013-08-27 17:04:43,705 - Velocimacro : "velocimacro.library" is not set.  Trying default library: VM_global_library.vm
2013-08-27 17:04:43,706 - Could not load resource 'VM_global_library.vm' from ResourceLoader org.apache.velocity.runtime.resource.loader.ClasspathResourceLoader: ClasspathResourceLoader Error: cannot find resource VM_global_library.vm
2013-08-27 17:04:43,706 - Velocimacro : Default library not found.
2013-08-27 17:04:43,706 - Velocimacro : allowInline = true : VMs can be defined inline in templates
2013-08-27 17:04:43,706 - Velocimacro : allowInlineToOverride = false : VMs defined inline may NOT replace previous VM definitions
2013-08-27 17:04:43,706 - Velocimacro : allowInlineLocal = false : VMs defined inline will be global in scope if allowed.
2013-08-27 17:04:43,706 - Velocimacro : autoload off : VM system will not automatically reload global library macros
2013-08-27 17:04:44,594 - ResourceManager : found org/springusage/mybatis/generator/template/domain.vm with loader org.apache.velocity.runtime.resource.loader.ClasspathResourceLoader
2013-08-27 17:04:44,655 - ResourceManager : found org/springusage/mybatis/generator/template/mapping.vm with loader org.apache.velocity.runtime.resource.loader.ClasspathResourceLoader
2013-08-27 17:04:44,667 - ResourceManager : found org/springusage/mybatis/generator/template/idao.vm with loader org.apache.velocity.runtime.resource.loader.ClasspathResourceLoader
2013-08-27 17:04:44,676 - ResourceManager : found org/springusage/mybatis/generator/template/daoimpl.vm with loader org.apache.velocity.runtime.resource.loader.ClasspathResourceLoader
2013-08-27 17:04:44,685 - ResourceManager : found org/springusage/mybatis/generator/template/domain.vm with loader org.apache.velocity.runtime.resource.loader.ClasspathResourceLoader
2013-08-27 17:04:44,693 - ResourceManager : found org/springusage/mybatis/generator/template/mapping.vm with loader org.apache.velocity.runtime.resource.loader.ClasspathResourceLoader
2013-08-27 17:04:44,703 - ResourceManager : found org/springusage/mybatis/generator/template/idao.vm with loader org.apache.velocity.runtime.resource.loader.ClasspathResourceLoader
2013-08-27 17:04:44,711 - ResourceManager : found org/springusage/mybatis/generator/template/daoimpl.vm with loader org.apache.velocity.runtime.resource.loader.ClasspathResourceLoader
2013-08-27 17:04:44,718 - ResourceManager : found org/springusage/mybatis/generator/template/domain.vm with loader org.apache.velocity.runtime.resource.loader.ClasspathResourceLoader
2013-08-27 17:04:44,724 - ResourceManager : found org/springusage/mybatis/generator/template/mapping.vm with loader org.apache.velocity.runtime.resource.loader.ClasspathResourceLoader
2013-08-27 17:04:44,731 - ResourceManager : found org/springusage/mybatis/generator/template/idao.vm with loader org.apache.velocity.runtime.resource.loader.ClasspathResourceLoader
2013-08-27 17:04:44,736 - ResourceManager : found org/springusage/mybatis/generator/template/daoimpl.vm with loader org.apache.velocity.runtime.resource.loader.ClasspathResourceLoader
2013-08-27 17:04:44,741 - ResourceManager : found org/springusage/mybatis/generator/template/domain.vm with loader org.apache.velocity.runtime.resource.loader.ClasspathResourceLoader
2013-08-27 17:04:44,748 - ResourceManager : found org/springusage/mybatis/generator/template/mapping.vm with loader org.apache.velocity.runtime.resource.loader.ClasspathResourceLoader
2013-08-27 17:04:44,760 - ResourceManager : found org/springusage/mybatis/generator/template/idao.vm with loader org.apache.velocity.runtime.resource.loader.ClasspathResourceLoader
2013-08-27 17:04:44,764 - ResourceManager : found org/springusage/mybatis/generator/template/daoimpl.vm with loader org.apache.velocity.runtime.resource.loader.ClasspathResourceLoader
2013-08-27 17:04:44,766 - ResourceManager : found org/springusage/mybatis/generator/template/domain.vm with loader org.apache.velocity.runtime.resource.loader.ClasspathResourceLoader
2013-08-27 17:04:44,770 - ResourceManager : found org/springusage/mybatis/generator/template/mapping.vm with loader org.apache.velocity.runtime.resource.loader.ClasspathResourceLoader
2013-08-27 17:04:44,776 - ResourceManager : found org/springusage/mybatis/generator/template/idao.vm with loader org.apache.velocity.runtime.resource.loader.ClasspathResourceLoader
2013-08-27 17:04:44,780 - ResourceManager : found org/springusage/mybatis/generator/template/daoimpl.vm with loader org.apache.velocity.runtime.resource.loader.ClasspathResourceLoader
2013-08-27 17:04:44,783 - ResourceManager : found org/springusage/mybatis/generator/template/domain.vm with loader org.apache.velocity.runtime.resource.loader.ClasspathResourceLoader
2013-08-27 17:04:44,786 - ResourceManager : found org/springusage/mybatis/generator/template/mapping.vm with loader org.apache.velocity.runtime.resource.loader.ClasspathResourceLoader
2013-08-27 17:04:44,790 - ResourceManager : found org/springusage/mybatis/generator/template/idao.vm with loader org.apache.velocity.runtime.resource.loader.ClasspathResourceLoader
2013-08-27 17:04:44,793 - ResourceManager : found org/springusage/mybatis/generator/template/daoimpl.vm with loader org.apache.velocity.runtime.resource.loader.ClasspathResourceLoader
2013-08-27 17:04:44,795 - ResourceManager : found org/springusage/mybatis/generator/template/domain.vm with loader org.apache.velocity.runtime.resource.loader.ClasspathResourceLoader
2013-08-27 17:04:44,798 - ResourceManager : found org/springusage/mybatis/generator/template/mapping.vm with loader org.apache.velocity.runtime.resource.loader.ClasspathResourceLoader
2013-08-27 17:04:44,802 - ResourceManager : found org/springusage/mybatis/generator/template/idao.vm with loader org.apache.velocity.runtime.resource.loader.ClasspathResourceLoader
2013-08-27 17:04:44,806 - ResourceManager : found org/springusage/mybatis/generator/template/daoimpl.vm with loader org.apache.velocity.runtime.resource.loader.ClasspathResourceLoader
2013-08-28 18:03:11,835 - Log4JLogChute initialized using file 'velocity_example.log'
2013-08-28 18:03:11,835 - Initializing Velocity, Calling init()...
2013-08-28 18:03:11,835 - Starting Apache Velocity v1.7 (compiled: 2010-11-19 12:14:37)
2013-08-28 18:03:11,835 - Default Properties File: org\apache\velocity\runtime\defaults\velocity.properties
2013-08-28 18:03:11,835 - Trying to use logger class org.apache.velocity.runtime.log.AvalonLogChute
2013-08-28 18:03:11,835 - Target log system for org.apache.velocity.runtime.log.AvalonLogChute is not available (java.lang.NoClassDefFoundError: org/apache/log/format/Formatter).  Falling back to next log system...
2013-08-28 18:03:11,835 - Trying to use logger class org.apache.velocity.runtime.log.Log4JLogChute
2013-08-28 18:03:11,836 - Using logger class org.apache.velocity.runtime.log.Log4JLogChute
2013-08-28 18:03:11,840 - ResourceLoader instantiated: org.apache.velocity.runtime.resource.loader.ClasspathResourceLoader
2013-08-28 18:03:11,854 - ResourceCache: initialized (class org.apache.velocity.runtime.resource.ResourceCacheImpl) with class java.util.Collections$SynchronizedMap cache map.
2013-08-28 18:03:11,855 - Loaded System Directive: org.apache.velocity.runtime.directive.Stop
2013-08-28 18:03:11,856 - Loaded System Directive: org.apache.velocity.runtime.directive.Define
2013-08-28 18:03:11,857 - Loaded System Directive: org.apache.velocity.runtime.directive.Break
2013-08-28 18:03:11,858 - Loaded System Directive: org.apache.velocity.runtime.directive.Evaluate
2013-08-28 18:03:11,858 - Loaded System Directive: org.apache.velocity.runtime.directive.Literal
2013-08-28 18:03:11,859 - Loaded System Directive: org.apache.velocity.runtime.directive.Macro
2013-08-28 18:03:11,861 - Loaded System Directive: org.apache.velocity.runtime.directive.Parse
2013-08-28 18:03:11,863 - Loaded System Directive: org.apache.velocity.runtime.directive.Include
2013-08-28 18:03:11,865 - Loaded System Directive: org.apache.velocity.runtime.directive.Foreach
2013-08-28 18:03:11,906 - Created '20' parsers.
2013-08-28 18:03:11,915 - Velocimacro : "velocimacro.library" is not set.  Trying default library: VM_global_library.vm
2013-08-28 18:03:11,915 - Could not load resource 'VM_global_library.vm' from ResourceLoader org.apache.velocity.runtime.resource.loader.ClasspathResourceLoader: ClasspathResourceLoader Error: cannot find resource VM_global_library.vm
2013-08-28 18:03:11,915 - Velocimacro : Default library not found.
2013-08-28 18:03:11,915 - Velocimacro : allowInline = true : VMs can be defined inline in templates
2013-08-28 18:03:11,915 - Velocimacro : allowInlineToOverride = false : VMs defined inline may NOT replace previous VM definitions
2013-08-28 18:03:11,915 - Velocimacro : allowInlineLocal = false : VMs defined inline will be global in scope if allowed.
2013-08-28 18:03:11,915 - Velocimacro : autoload off : VM system will not automatically reload global library macros
2013-08-28 18:04:44,435 - Log4JLogChute initialized using file 'velocity_example.log'
2013-08-28 18:04:44,436 - Initializing Velocity, Calling init()...
2013-08-28 18:04:44,436 - Starting Apache Velocity v1.7 (compiled: 2010-11-19 12:14:37)
2013-08-28 18:04:44,436 - Default Properties File: org\apache\velocity\runtime\defaults\velocity.properties
2013-08-28 18:04:44,436 - Trying to use logger class org.apache.velocity.runtime.log.AvalonLogChute
2013-08-28 18:04:44,436 - Target log system for org.apache.velocity.runtime.log.AvalonLogChute is not available (java.lang.NoClassDefFoundError: org/apache/log/format/Formatter).  Falling back to next log system...
2013-08-28 18:04:44,436 - Trying to use logger class org.apache.velocity.runtime.log.Log4JLogChute
2013-08-28 18:04:44,436 - Using logger class org.apache.velocity.runtime.log.Log4JLogChute
2013-08-28 18:04:44,440 - ResourceLoader instantiated: org.apache.velocity.runtime.resource.loader.ClasspathResourceLoader
2013-08-28 18:04:44,453 - ResourceCache: initialized (class org.apache.velocity.runtime.resource.ResourceCacheImpl) with class java.util.Collections$SynchronizedMap cache map.
2013-08-28 18:04:44,455 - Loaded System Directive: org.apache.velocity.runtime.directive.Stop
2013-08-28 18:04:44,457 - Loaded System Directive: org.apache.velocity.runtime.directive.Define
2013-08-28 18:04:44,457 - Loaded System Directive: org.apache.velocity.runtime.directive.Break
2013-08-28 18:04:44,458 - Loaded System Directive: org.apache.velocity.runtime.directive.Evaluate
2013-08-28 18:04:44,458 - Loaded System Directive: org.apache.velocity.runtime.directive.Literal
2013-08-28 18:04:44,459 - Loaded System Directive: org.apache.velocity.runtime.directive.Macro
2013-08-28 18:04:44,460 - Loaded System Directive: org.apache.velocity.runtime.directive.Parse
2013-08-28 18:04:44,462 - Loaded System Directive: org.apache.velocity.runtime.directive.Include
2013-08-28 18:04:44,463 - Loaded System Directive: org.apache.velocity.runtime.directive.Foreach
2013-08-28 18:04:44,499 - Created '20' parsers.
2013-08-28 18:04:44,506 - Velocimacro : "velocimacro.library" is not set.  Trying default library: VM_global_library.vm
2013-08-28 18:04:44,506 - Could not load resource 'VM_global_library.vm' from ResourceLoader org.apache.velocity.runtime.resource.loader.ClasspathResourceLoader: ClasspathResourceLoader Error: cannot find resource VM_global_library.vm
2013-08-28 18:04:44,507 - Velocimacro : Default library not found.
2013-08-28 18:04:44,507 - Velocimacro : allowInline = true : VMs can be defined inline in templates
2013-08-28 18:04:44,507 - Velocimacro : allowInlineToOverride = false : VMs defined inline may NOT replace previous VM definitions
2013-08-28 18:04:44,507 - Velocimacro : allowInlineLocal = false : VMs defined inline will be global in scope if allowed.
2013-08-28 18:04:44,507 - Velocimacro : autoload off : VM system will not automatically reload global library macros
2013-08-28 18:04:44,786 - ResourceManager : found org/springusage/mybatis/generator/template/domain.vm with loader org.apache.velocity.runtime.resource.loader.ClasspathResourceLoader
2013-08-28 18:04:44,806 - ResourceManager : found org/springusage/mybatis/generator/template/mapping.vm with loader org.apache.velocity.runtime.resource.loader.ClasspathResourceLoader
2013-08-28 18:04:44,818 - ResourceManager : found org/springusage/mybatis/generator/template/idao.vm with loader org.apache.velocity.runtime.resource.loader.ClasspathResourceLoader
2013-08-28 18:04:44,826 - ResourceManager : found org/springusage/mybatis/generator/template/daoimpl.vm with loader org.apache.velocity.runtime.resource.loader.ClasspathResourceLoader
2013-08-28 18:04:44,844 - ResourceManager : found org/springusage/mybatis/generator/template/domain.vm with loader org.apache.velocity.runtime.resource.loader.ClasspathResourceLoader
2013-08-28 18:04:44,851 - ResourceManager : found org/springusage/mybatis/generator/template/mapping.vm with loader org.apache.velocity.runtime.resource.loader.ClasspathResourceLoader
2013-08-28 18:04:44,860 - ResourceManager : found org/springusage/mybatis/generator/template/idao.vm with loader org.apache.velocity.runtime.resource.loader.ClasspathResourceLoader
2013-08-28 18:04:44,869 - ResourceManager : found org/springusage/mybatis/generator/template/daoimpl.vm with loader org.apache.velocity.runtime.resource.loader.ClasspathResourceLoader
2013-08-28 18:04:44,873 - ResourceManager : found org/springusage/mybatis/generator/template/domain.vm with loader org.apache.velocity.runtime.resource.loader.ClasspathResourceLoader
2013-08-28 18:04:44,878 - ResourceManager : found org/springusage/mybatis/generator/template/mapping.vm with loader org.apache.velocity.runtime.resource.loader.ClasspathResourceLoader
2013-08-28 18:04:44,884 - ResourceManager : found org/springusage/mybatis/generator/template/idao.vm with loader org.apache.velocity.runtime.resource.loader.ClasspathResourceLoader
2013-08-28 18:04:44,889 - ResourceManager : found org/springusage/mybatis/generator/template/daoimpl.vm with loader org.apache.velocity.runtime.resource.loader.ClasspathResourceLoader
2013-08-28 18:04:44,893 - ResourceManager : found org/springusage/mybatis/generator/template/domain.vm with loader org.apache.velocity.runtime.resource.loader.ClasspathResourceLoader
2013-08-28 18:04:44,897 - ResourceManager : found org/springusage/mybatis/generator/template/mapping.vm with loader org.apache.velocity.runtime.resource.loader.ClasspathResourceLoader
2013-08-28 18:04:44,904 - ResourceManager : found org/springusage/mybatis/generator/template/idao.vm with loader org.apache.velocity.runtime.resource.loader.ClasspathResourceLoader
2013-08-28 18:04:44,907 - ResourceManager : found org/springusage/mybatis/generator/template/daoimpl.vm with loader org.apache.velocity.runtime.resource.loader.ClasspathResourceLoader
2013-08-28 18:04:44,910 - ResourceManager : found org/springusage/mybatis/generator/template/domain.vm with loader org.apache.velocity.runtime.resource.loader.ClasspathResourceLoader
2013-08-28 18:04:44,915 - ResourceManager : found org/springusage/mybatis/generator/template/mapping.vm with loader org.apache.velocity.runtime.resource.loader.ClasspathResourceLoader
2013-08-28 18:04:44,923 - ResourceManager : found org/springusage/mybatis/generator/template/idao.vm with loader org.apache.velocity.runtime.resource.loader.ClasspathResourceLoader
2013-08-28 18:04:44,926 - ResourceManager : found org/springusage/mybatis/generator/template/daoimpl.vm with loader org.apache.velocity.runtime.resource.loader.ClasspathResourceLoader
2013-08-28 18:04:44,928 - ResourceManager : found org/springusage/mybatis/generator/template/domain.vm with loader org.apache.velocity.runtime.resource.loader.ClasspathResourceLoader
2013-08-28 18:04:44,931 - ResourceManager : found org/springusage/mybatis/generator/template/mapping.vm with loader org.apache.velocity.runtime.resource.loader.ClasspathResourceLoader
2013-08-28 18:04:44,937 - ResourceManager : found org/springusage/mybatis/generator/template/idao.vm with loader org.apache.velocity.runtime.resource.loader.ClasspathResourceLoader
2013-08-28 18:04:44,940 - ResourceManager : found org/springusage/mybatis/generator/template/daoimpl.vm with loader org.apache.velocity.runtime.resource.loader.ClasspathResourceLoader
2013-08-28 18:04:44,943 - ResourceManager : found org/springusage/mybatis/generator/template/domain.vm with loader org.apache.velocity.runtime.resource.loader.ClasspathResourceLoader
2013-08-28 18:04:44,946 - ResourceManager : found org/springusage/mybatis/generator/template/mapping.vm with loader org.apache.velocity.runtime.resource.loader.ClasspathResourceLoader
2013-08-28 18:04:44,950 - ResourceManager : found org/springusage/mybatis/generator/template/idao.vm with loader org.apache.velocity.runtime.resource.loader.ClasspathResourceLoader
2013-08-28 18:04:44,952 - ResourceManager : found org/springusage/mybatis/generator/template/daoimpl.vm with loader org.apache.velocity.runtime.resource.loader.ClasspathResourceLoader
